# JRE version: OpenJDK Runtime Environment JBR-17.0.12+1-1207.37-nomod (17.0.12+1) (build 17.0.12+1-b1207.37)
# Java VM: OpenJDK 64-Bit Server VM JBR-17.0.12+1-1207.37-nomod (17.0.12+1-b1207.37, mixed mode, sharing, tiered, compressed oops, compressed class ptrs, g1 gc, windows-amd64)
GC Precious Log:
 CPUs: 12 total, 12 available
 Memory: 32609M
 Large Page Support: Disabled
 NUMA Support: Disabled
 Compressed Oops: Enabled (Zero based)
 Heap Region Size: 4M
 Heap Min Capacity: 8M
 Heap Initial Capacity: 512M
 Heap Max Capacity: 8156M
 Pre-touch: Disabled
 Parallel Workers: 10
 Concurrent Workers: 3
 Concurrent Refinement Workers: 10
 Periodic GC: Disabled
Heap:
 garbage-first heap   total 536576K, used 259155K [0x0000000602400000, 0x0000000800000000)
  region size 4096K, 5 young (20480K), 4 survivors (16384K)
 Metaspace       used 40437K, committed 40832K, reserved 1114112K
  class space    used 5333K, committed 5504K, reserved 1048576K
GC Heap History (20 events):
Event: 76.735 GC heap before
{Heap before GC invocations=13 (full 0):
 garbage-first heap   total 303104K, used 201779K [0x0000000602400000, 0x0000000800000000)
  region size 4096K, 10 young (40960K), 2 survivors (8192K)
 Metaspace       used 30934K, committed 31232K, reserved 1114112K
  class space    used 4176K, committed 4352K, reserved 1048576K
}
Event: 76.739 GC heap after
{Heap after GC invocations=14 (full 0):
 garbage-first heap   total 303104K, used 202762K [0x0000000602400000, 0x0000000800000000)
  region size 4096K, 2 young (8192K), 2 survivors (8192K)
 Metaspace       used 30934K, committed 31232K, reserved 1114112K
  class space    used 4176K, committed 4352K, reserved 1048576K
}
Event: 78.366 GC heap before
{Heap before GC invocations=15 (full 0):
 garbage-first heap   total 315392K, used 198666K [0x0000000602400000, 0x0000000800000000)
  region size 4096K, 7 young (28672K), 2 survivors (8192K)
 Metaspace       used 30984K, committed 31296K, reserved 1114112K
  class space    used 4176K, committed 4352K, reserved 1048576K
}
Event: 78.368 GC heap after
{Heap after GC invocations=16 (full 0):
 garbage-first heap   total 315392K, used 202763K [0x0000000602400000, 0x0000000800000000)
  region size 4096K, 1 young (4096K), 1 survivors (4096K)
 Metaspace       used 30984K, committed 31296K, reserved 1114112K
  class space    used 4176K, committed 4352K, reserved 1048576K
}
Event: 79.570 GC heap before
{Heap before GC invocations=16 (full 0):
 garbage-first heap   total 315392K, used 206859K [0x0000000602400000, 0x0000000800000000)
  region size 4096K, 3 young (12288K), 1 survivors (4096K)
 Metaspace       used 30987K, committed 31296K, reserved 1114112K
  class space    used 4176K, committed 4352K, reserved 1048576K
}
Event: 79.572 GC heap after
{Heap after GC invocations=17 (full 0):
 garbage-first heap   total 315392K, used 177154K [0x0000000602400000, 0x0000000800000000)
  region size 4096K, 1 young (4096K), 1 survivors (4096K)
 Metaspace       used 30987K, committed 31296K, reserved 1114112K
  class space    used 4176K, committed 4352K, reserved 1048576K
}
Event: 79.590 GC heap before
{Heap before GC invocations=17 (full 0):
 garbage-first heap   total 315392K, used 181250K [0x0000000602400000, 0x0000000800000000)
  region size 4096K, 3 young (12288K), 1 survivors (4096K)
 Metaspace       used 30993K, committed 31296K, reserved 1114112K
  class space    used 4176K, committed 4352K, reserved 1048576K
}
Event: 79.592 GC heap after
{Heap after GC invocations=18 (full 0):
 garbage-first heap   total 315392K, used 154963K [0x0000000602400000, 0x0000000800000000)
  region size 4096K, 1 young (4096K), 1 survivors (4096K)
 Metaspace       used 30993K, committed 31296K, reserved 1114112K
  class space    used 4176K, committed 4352K, reserved 1048576K
}
Event: 79.943 GC heap before
{Heap before GC invocations=18 (full 0):
 garbage-first heap   total 315392K, used 159059K [0x0000000602400000, 0x0000000800000000)
  region size 4096K, 3 young (12288K), 1 survivors (4096K)
 Metaspace       used 30996K, committed 31296K, reserved 1114112K
  class space    used 4176K, committed 4352K, reserved 1048576K
}
Event: 79.944 GC heap after
{Heap after GC invocations=19 (full 0):
 garbage-first heap   total 315392K, used 156674K [0x0000000602400000, 0x0000000800000000)
  region size 4096K, 1 young (4096K), 1 survivors (4096K)
 Metaspace       used 30996K, committed 31296K, reserved 1114112K
  class space    used 4176K, committed 4352K, reserved 1048576K
}
Event: 83.155 GC heap before
{Heap before GC invocations=19 (full 0):
 garbage-first heap   total 315392K, used 193538K [0x0000000602400000, 0x0000000800000000)
  region size 4096K, 11 young (45056K), 1 survivors (4096K)
 Metaspace       used 31341K, committed 31616K, reserved 1114112K
  class space    used 4237K, committed 4352K, reserved 1048576K
}
Event: 83.157 GC heap after
{Heap after GC invocations=20 (full 0):
 garbage-first heap   total 315392K, used 193615K [0x0000000602400000, 0x0000000800000000)
  region size 4096K, 2 young (8192K), 2 survivors (8192K)
 Metaspace       used 31341K, committed 31616K, reserved 1114112K
  class space    used 4237K, committed 4352K, reserved 1048576K
}
Event: 83.227 GC heap before
{Heap before GC invocations=21 (full 0):
 garbage-first heap   total 335872K, used 218191K [0x0000000602400000, 0x0000000800000000)
  region size 4096K, 9 young (36864K), 2 survivors (8192K)
 Metaspace       used 31352K, committed 31616K, reserved 1114112K
  class space    used 4237K, committed 4352K, reserved 1048576K
}
Event: 83.229 GC heap after
{Heap after GC invocations=22 (full 0):
 garbage-first heap   total 536576K, used 222236K [0x0000000602400000, 0x0000000800000000)
  region size 4096K, 2 young (8192K), 2 survivors (8192K)
 Metaspace       used 31352K, committed 31616K, reserved 1114112K
  class space    used 4237K, committed 4352K, reserved 1048576K
}
Event: 83.859 GC heap before
{Heap before GC invocations=22 (full 0):
 garbage-first heap   total 536576K, used 234524K [0x0000000602400000, 0x0000000800000000)
  region size 4096K, 6 young (24576K), 2 survivors (8192K)
 Metaspace       used 31365K, committed 31616K, reserved 1114112K
  class space    used 4237K, committed 4352K, reserved 1048576K
}
Event: 83.861 GC heap after
{Heap after GC invocations=23 (full 0):
 garbage-first heap   total 536576K, used 181252K [0x0000000602400000, 0x0000000800000000)
  region size 4096K, 1 young (4096K), 1 survivors (4096K)
 Metaspace       used 31365K, committed 31616K, reserved 1114112K
  class space    used 4237K, committed 4352K, reserved 1048576K
}
Event: 83.908 GC heap before
{Heap before GC invocations=23 (full 0):
 garbage-first heap   total 536576K, used 197636K [0x0000000602400000, 0x0000000800000000)
  region size 4096K, 6 young (24576K), 1 survivors (4096K)
 Metaspace       used 31391K, committed 31616K, reserved 1114112K
  class space    used 4237K, committed 4352K, reserved 1048576K
}
Event: 83.910 GC heap after
{Heap after GC invocations=24 (full 0):
 garbage-first heap   total 536576K, used 174274K [0x0000000602400000, 0x0000000800000000)
  region size 4096K, 1 young (4096K), 1 survivors (4096K)
 Metaspace       used 31391K, committed 31616K, reserved 1114112K
  class space    used 4237K, committed 4352K, reserved 1048576K
}
Event: 135.214 GC heap before
{Heap before GC invocations=24 (full 0):
 garbage-first heap   total 536576K, used 280770K [0x0000000602400000, 0x0000000800000000)
  region size 4096K, 28 young (114688K), 1 survivors (4096K)
 Metaspace       used 40320K, committed 40704K, reserved 1114112K
  class space    used 5332K, committed 5504K, reserved 1048576K
}
Event: 135.219 GC heap after
{Heap after GC invocations=25 (full 0):
 garbage-first heap   total 536576K, used 226433K [0x0000000602400000, 0x0000000800000000)
  region size 4096K, 4 young (16384K), 4 survivors (16384K)
 Metaspace       used 40320K, committed 40704K, reserved 1114112K
  class space    used 5332K, committed 5504K, reserved 1048576K
}

